Using pre-set license
Built from '2020.3/staging' branch; Version is '2020.3.30f1 (1fb1bf06830e) revision 2077119'; Using compiler version '192528614'; Build Type 'Release'
OS: 'Windows 10  (10.0.19044) 64bit Professional' Language: 'ru' Physical Memory: 16327 MB
BatchMode: 1, IsHumanControllingUs: 0, StartBugReporterOnCrash: 0, Is64bit: 1, IsPro: 0

COMMAND LINE ARGUMENTS:
C:\Program Files\Unity\Hub\Editor\2020.3.30f1\Editor\Unity.exe
-adb2
-batchMode
-noUpm
-name
AssetImportWorker0
-projectPath
C:/Users/User/Documents/NewCoolShooter
-logFile
Logs/AssetImportWorker0.log
-srvPort
65235
Successfully changed project path to: C:/Users/User/Documents/NewCoolShooter
C:/Users/User/Documents/NewCoolShooter
Using Asset Import Pipeline V2.
Refreshing native plugins compatible for Editor in 65.36 ms, found 2 plugins.
Preloading 0 native plugins for Editor in 0.00 ms.
Initialize engine version: 2020.3.30f1 (1fb1bf06830e)
[Subsystems] Discovering subsystems at path C:/Program Files/Unity/Hub/Editor/2020.3.30f1/Editor/Data/Resources/UnitySubsystems
[Subsystems] Discovering subsystems at path C:/Users/User/Documents/NewCoolShooter/Assets
GfxDevice: creating device client; threaded=0
Direct3D:
    Version:  Direct3D 11.0 [level 11.1]
    Renderer: NVIDIA GeForce GTX 1050 Ti (ID=0x1c82)
    Vendor:   
    VRAM:     4018 MB
    Driver:   27.21.14.6172
Initialize mono
Mono path[0] = 'C:/Program Files/Unity/Hub/Editor/2020.3.30f1/Editor/Data/Managed'
Mono path[1] = 'C:/Program Files/Unity/Hub/Editor/2020.3.30f1/Editor/Data/MonoBleedingEdge/lib/mono/unityjit'
Mono config path = 'C:/Program Files/Unity/Hub/Editor/2020.3.30f1/Editor/Data/MonoBleedingEdge/etc'
Using monoOptions --debugger-agent=transport=dt_socket,embedding=1,server=y,suspend=n,address=127.0.0.1:56512
Begin MonoManager ReloadAssembly
Registering precompiled unity dll's ...
Register platform support module: C:/Program Files/Unity/Hub/Editor/2020.3.30f1/Editor/Data/PlaybackEngines/WebGLSupport/UnityEditor.WebGL.Extensions.dll
Register platform support module: C:/Program Files/Unity/Hub/Editor/2020.3.30f1/Editor/Data/PlaybackEngines/WindowsStandaloneSupport/UnityEditor.WindowsStandalone.Extensions.dll
Registered in 0.004022 seconds.
Native extension for WindowsStandalone target not found
Native extension for WebGL target not found
Refreshing native plugins compatible for Editor in 56.42 ms, found 2 plugins.
Preloading 0 native plugins for Editor in 0.00 ms.
Mono: successfully reloaded assembly
- Completed reload, in  0.854 seconds
Domain Reload Profiling:
	ReloadAssembly (854ms)
		BeginReloadAssembly (94ms)
			ExecutionOrderSort (0ms)
			DisableScriptedObjects (0ms)
			BackupInstance (0ms)
			ReleaseScriptingObjects (0ms)
			CreateAndSetChildDomain (1ms)
		EndReloadAssembly (652ms)
			LoadAssemblies (91ms)
			RebuildTransferFunctionScriptingTraits (0ms)
			SetupTypeCache (221ms)
			ReleaseScriptCaches (0ms)
			RebuildScriptCaches (44ms)
			SetupLoadedEditorAssemblies (237ms)
				LogAssemblyErrors (0ms)
				InitializePlatformSupportModulesInManaged (7ms)
				SetLoadedEditorAssemblies (0ms)
				RefreshPlugins (57ms)
				BeforeProcessingInitializeOnLoad (22ms)
				ProcessInitializeOnLoadAttributes (112ms)
				ProcessInitializeOnLoadMethodAttributes (38ms)
				AfterProcessingInitializeOnLoad (0ms)
				EditorAssembliesLoaded (0ms)
			ExecutionOrderSort2 (0ms)
			AwakeInstancesAfterBackupRestoration (0ms)
Platform modules already initialized, skipping
Registering precompiled user dll's ...
Registered in 0.004261 seconds.
Begin MonoManager ReloadAssembly
Native extension for WindowsStandalone target not found
Native extension for WebGL target not found
Refreshing native plugins compatible for Editor in 0.52 ms, found 2 plugins.
Preloading 0 native plugins for Editor in 0.00 ms.
Mono: successfully reloaded assembly
- Completed reload, in  1.476 seconds
Domain Reload Profiling:
	ReloadAssembly (1477ms)
		BeginReloadAssembly (221ms)
			ExecutionOrderSort (0ms)
			DisableScriptedObjects (7ms)
			BackupInstance (0ms)
			ReleaseScriptingObjects (0ms)
			CreateAndSetChildDomain (24ms)
		EndReloadAssembly (1166ms)
			LoadAssemblies (140ms)
			RebuildTransferFunctionScriptingTraits (0ms)
			SetupTypeCache (392ms)
			ReleaseScriptCaches (1ms)
			RebuildScriptCaches (65ms)
			SetupLoadedEditorAssemblies (451ms)
				LogAssemblyErrors (0ms)
				InitializePlatformSupportModulesInManaged (8ms)
				SetLoadedEditorAssemblies (1ms)
				RefreshPlugins (1ms)
				BeforeProcessingInitializeOnLoad (126ms)
				ProcessInitializeOnLoadAttributes (294ms)
				ProcessInitializeOnLoadMethodAttributes (12ms)
				AfterProcessingInitializeOnLoad (10ms)
				EditorAssembliesLoaded (0ms)
			ExecutionOrderSort2 (0ms)
			AwakeInstancesAfterBackupRestoration (10ms)
Platform modules already initialized, skipping
========================================================================
Worker process is ready to serve import requests
Launched and connected shader compiler UnityShaderCompiler.exe after 0.09 seconds
Refreshing native plugins compatible for Editor in 0.47 ms, found 2 plugins.
Preloading 0 native plugins for Editor in 0.00 ms.
Unloading 1900 Unused Serialized files (Serialized files now loaded: 0)
System memory in use before: 99.3 MB.
System memory in use after: 98.3 MB.

Unloading 28 unused Assets to reduce memory usage. Loaded Objects now: 2342.
Total: 4.289500 ms (FindLiveObjects: 0.160900 ms CreateObjectMapping: 0.083600 ms MarkObjects: 3.192800 ms  DeleteObjects: 0.851000 ms)

AssetImportParameters requested are different than current active one (requested -> active):
  custom:framework-win-MediaFoundation: 216162199b28c13a410421893ffa2e32 -> 
  custom:video-decoder-ogg-theora: a1e56fd34408186e4bbccfd4996cb3dc -> 
  custom:container-muxer-webm: aa71ff27fc2769a1b78a27578f13a17b -> 
  custom:container-demuxer-webm: 4f35f7cbe854078d1ac9338744f61a02 -> 
  custom:container-demuxer-ogg: 62fdf1f143b41e24485cea50d1cbac27 -> 
  custom:video-encoder-webm-vp8: eb34c28f22e8b96e1ab97ce403110664 -> 
  custom:video-decoder-webm-vp8: 9c59270c3fd7afecdb556c50c9e8de78 -> 
  custom:audio-decoder-ogg-vorbis: bf7c407c2cedff20999df2af8eb42d56 -> 
  custom:audio-encoder-webm-vorbis: bf7c407c2cedff20999df2af8eb42d56 -> 
========================================================================
Received Import Request.
  path: Assets/ToCollege/BottleAnimation.anim
  artifactKey: Guid(edf99e1d56ab3814dbd5978f2834da74) Importer(815301076,1909f56bfc062723c751e8b465ee728b)
Start importing Assets/ToCollege/BottleAnimation.anim using Guid(edf99e1d56ab3814dbd5978f2834da74) Importer(815301076,1909f56bfc062723c751e8b465ee728b)  -> (artifact id: 'dd48ade7960e2f1b73ec7eba54ebfb0b') in 0.099731 seconds 
========================================================================
Received Import Request.
  Time since last request: 0.014059 seconds.
  path: Assets/ToCollege/Plastic bottle for tablets.controller
  artifactKey: Guid(6c34a036f43e0be4582aa383f1aeebb4) Importer(815301076,1909f56bfc062723c751e8b465ee728b)
Start importing Assets/ToCollege/Plastic bottle for tablets.controller using Guid(6c34a036f43e0be4582aa383f1aeebb4) Importer(815301076,1909f56bfc062723c751e8b465ee728b)  -> (artifact id: '8789827bab01e278fca06f3a05edd805') in 0.053230 seconds 
========================================================================
Received Import Request.
  Time since last request: 0.195815 seconds.
  path: Assets/ToCollege/PickUpBottle.cs
  artifactKey: Guid(9b2fb3501eefda5418d7d25870488aac) Importer(815301076,1909f56bfc062723c751e8b465ee728b)
Start importing Assets/ToCollege/PickUpBottle.cs using Guid(9b2fb3501eefda5418d7d25870488aac) Importer(815301076,1909f56bfc062723c751e8b465ee728b)  -> (artifact id: 'cd69431742d3d0720f29493c78a38f28') in 0.156583 seconds 
========================================================================
Received Import Request.
  Time since last request: 0.169327 seconds.
  path: Assets/ToCollege/HealPills.cs
  artifactKey: Guid(6c606bdc6a326f64e83137122364061b) Importer(815301076,1909f56bfc062723c751e8b465ee728b)
Start importing Assets/ToCollege/HealPills.cs using Guid(6c606bdc6a326f64e83137122364061b) Importer(815301076,1909f56bfc062723c751e8b465ee728b)  -> (artifact id: '8eb0d697b84549f8978f288cc4478af1') in 0.014120 seconds 
========================================================================
Received Import Request.
  Time since last request: 0.049204 seconds.
  path: Assets/UltraKill.cs
  artifactKey: Guid(3e0085d81743d6542976a7652030085d) Importer(815301076,1909f56bfc062723c751e8b465ee728b)
Start importing Assets/UltraKill.cs using Guid(3e0085d81743d6542976a7652030085d) Importer(815301076,1909f56bfc062723c751e8b465ee728b)  -> (artifact id: 'cb18eb0d83f1139692747d633f156ec9') in 0.012782 seconds 
========================================================================
Received Import Request.
  Time since last request: 0.124823 seconds.
  path: Assets/ToCollege/EnemyHealt.cs
  artifactKey: Guid(a15699122db5038418fb5905777e94a3) Importer(815301076,1909f56bfc062723c751e8b465ee728b)
Start importing Assets/ToCollege/EnemyHealt.cs using Guid(a15699122db5038418fb5905777e94a3) Importer(815301076,1909f56bfc062723c751e8b465ee728b)  -> (artifact id: 'a5f6e1c38937f062c2ebd497e55ae533') in 0.033597 seconds 
